
/home/runner/work/exp-functions-iiith/exp-functions-iiith/experiment/simulation/js/function.js
   19:50   warning  'view' is not defined          no-undef
   20:50   warning  'view' is not defined          no-undef
   21:47   warning  'view' is not defined          no-undef
   22:53   warning  'view' is not defined          no-undef
   23:50   warning  'view' is not defined          no-undef
   24:52   warning  'view' is not defined          no-undef
   25:49   warning  'view' is not defined          no-undef
   26:50   warning  'view' is not defined          no-undef
   27:47   warning  'view' is not defined          no-undef
   28:49   warning  'view' is not defined          no-undef
   32:9    warning  'i' is not defined             no-undef
   32:17   warning  'i' is not defined             no-undef
   32:39   warning  'i' is not defined             no-undef
   33:13   warning  'i' is not defined             no-undef
  119:9    warning  'i' is not defined             no-undef
  119:17   warning  'i' is not defined             no-undef
  119:39   warning  'i' is not defined             no-undef
  120:18   warning  'i' is not defined             no-undef
  121:18   warning  'i' is not defined             no-undef
  122:13   warning  'i' is not defined             no-undef
  125:9    warning  'i' is not defined             no-undef
  125:17   warning  'i' is not defined             no-undef
  125:39   warning  'i' is not defined             no-undef
  126:18   warning  'i' is not defined             no-undef
  127:18   warning  'i' is not defined             no-undef
  128:13   warning  'i' is not defined             no-undef
  131:9    warning  'i' is not defined             no-undef
  131:17   warning  'i' is not defined             no-undef
  131:39   warning  'i' is not defined             no-undef
  132:18   warning  'i' is not defined             no-undef
  133:18   warning  'i' is not defined             no-undef
  134:13   warning  'i' is not defined             no-undef
  137:9    warning  'i' is not defined             no-undef
  137:17   warning  'i' is not defined             no-undef
  137:39   warning  'i' is not defined             no-undef
  138:18   warning  'i' is not defined             no-undef
  139:18   warning  'i' is not defined             no-undef
  140:13   warning  'i' is not defined             no-undef
  157:9    warning  'i' is not defined             no-undef
  157:17   warning  'i' is not defined             no-undef
  157:39   warning  'i' is not defined             no-undef
  158:18   warning  'i' is not defined             no-undef
  159:18   warning  'i' is not defined             no-undef
  160:13   warning  'i' is not defined             no-undef
  163:9    warning  'i' is not defined             no-undef
  163:17   warning  'i' is not defined             no-undef
  163:39   warning  'i' is not defined             no-undef
  164:18   warning  'i' is not defined             no-undef
  165:18   warning  'i' is not defined             no-undef
  166:13   warning  'i' is not defined             no-undef
  169:9    warning  'i' is not defined             no-undef
  169:17   warning  'i' is not defined             no-undef
  169:39   warning  'i' is not defined             no-undef
  170:18   warning  'i' is not defined             no-undef
  171:18   warning  'i' is not defined             no-undef
  172:13   warning  'i' is not defined             no-undef
  175:9    warning  'i' is not defined             no-undef
  175:17   warning  'i' is not defined             no-undef
  175:39   warning  'i' is not defined             no-undef
  176:18   warning  'i' is not defined             no-undef
  177:18   warning  'i' is not defined             no-undef
  178:13   warning  'i' is not defined             no-undef
  195:9    warning  'i' is not defined             no-undef
  195:17   warning  'i' is not defined             no-undef
  195:39   warning  'i' is not defined             no-undef
  196:18   warning  'i' is not defined             no-undef
  197:18   warning  'i' is not defined             no-undef
  198:13   warning  'i' is not defined             no-undef
  201:9    warning  'i' is not defined             no-undef
  201:17   warning  'i' is not defined             no-undef
  201:39   warning  'i' is not defined             no-undef
  202:18   warning  'i' is not defined             no-undef
  203:18   warning  'i' is not defined             no-undef
  204:13   warning  'i' is not defined             no-undef
  207:9    warning  'i' is not defined             no-undef
  207:17   warning  'i' is not defined             no-undef
  207:39   warning  'i' is not defined             no-undef
  208:18   warning  'i' is not defined             no-undef
  209:18   warning  'i' is not defined             no-undef
  210:13   warning  'i' is not defined             no-undef
  213:9    warning  'i' is not defined             no-undef
  213:17   warning  'i' is not defined             no-undef
  213:39   warning  'i' is not defined             no-undef
  214:18   warning  'i' is not defined             no-undef
  215:18   warning  'i' is not defined             no-undef
  216:13   warning  'i' is not defined             no-undef
  233:9    warning  'i' is not defined             no-undef
  233:17   warning  'i' is not defined             no-undef
  233:39   warning  'i' is not defined             no-undef
  234:18   warning  'i' is not defined             no-undef
  235:18   warning  'i' is not defined             no-undef
  236:13   warning  'i' is not defined             no-undef
  239:9    warning  'i' is not defined             no-undef
  239:17   warning  'i' is not defined             no-undef
  239:39   warning  'i' is not defined             no-undef
  240:18   warning  'i' is not defined             no-undef
  241:18   warning  'i' is not defined             no-undef
  242:13   warning  'i' is not defined             no-undef
  245:9    warning  'i' is not defined             no-undef
  245:17   warning  'i' is not defined             no-undef
  245:39   warning  'i' is not defined             no-undef
  246:18   warning  'i' is not defined             no-undef
  247:18   warning  'i' is not defined             no-undef
  248:13   warning  'i' is not defined             no-undef
  251:9    warning  'i' is not defined             no-undef
  251:17   warning  'i' is not defined             no-undef
  251:39   warning  'i' is not defined             no-undef
  252:18   warning  'i' is not defined             no-undef
  253:18   warning  'i' is not defined             no-undef
  254:13   warning  'i' is not defined             no-undef
  306:47   warning  'i' is not defined             no-undef
  312:47   warning  'i' is not defined             no-undef
  318:47   warning  'i' is not defined             no-undef
  324:47   warning  'i' is not defined             no-undef
  351:9    warning  'i' is not defined             no-undef
  351:17   warning  'i' is not defined             no-undef
  351:39   warning  'i' is not defined             no-undef
  352:31   warning  'i' is not defined             no-undef
  355:4    warning  'parameter' is not defined     no-undef
  356:4    warning  'parameter' is not defined     no-undef
  356:16   warning  'parameter' is not defined     no-undef
  357:4    warning  'functionCall' is not defined  no-undef
  357:39   warning  'parameter' is not defined     no-undef
  358:9    warning  'parameter' is not defined     no-undef
  359:5    warning  'parameter' is not defined     no-undef
  359:24   warning  'parameter' is not defined     no-undef
  360:10   warning  'functionCall' is not defined  no-undef
  360:48   warning  'parameter' is not defined     no-undef
  361:19   warning  'parameter' is not defined     no-undef
  362:15   warning  'functionCall' is not defined  no-undef
  362:59   warning  'parameter' is not defined     no-undef
  363:25   warning  'parameter' is not defined     no-undef
  364:15   warning  'functionCall' is not defined  no-undef
  364:57   warning  'parameter' is not defined     no-undef
  365:23   warning  'parameter' is not defined     no-undef
  367:58   warning  'i' is not defined             no-undef
  369:14   warning  'parameter' is not defined     no-undef
  369:40   warning  'functionCall' is not defined  no-undef
  369:80   warning  'parameter' is not defined     no-undef
  369:113  warning  'parameter' is not defined     no-undef
  370:20   warning  'parameter' is not defined     no-undef
  372:2    warning  Mixed spaces and tabs          no-mixed-spaces-and-tabs
  372:57   warning  'i' is not defined             no-undef
  386:30   warning  'view' is not defined          no-undef

✖ 144 problems (0 errors, 144 warnings)

